<?xml version="1.0" encoding="UTF-8"?>
<testng-results skipped="0" failed="0" ignored="0" total="1" passed="1">
  <reporter-output>
  </reporter-output>
  <suite name="Default suite" duration-ms="8559" started-at="2019-10-24T14:39:50 IST" finished-at="2019-10-24T14:39:59 IST">
    <groups>
    </groups>
    <test name="Default test" duration-ms="8559" started-at="2019-10-24T14:39:50 IST" finished-at="2019-10-24T14:39:59 IST">
      <class name="com.demo.testCases.LoginTC_001">
        <test-method status="PASS" signature="setUp()[pri:0, instance:com.demo.testCases.LoginTC_001@7b49cea0]" name="setUp" is-config="true" duration-ms="3060" started-at="2019-10-24T14:39:50 IST" finished-at="2019-10-24T14:39:53 IST">
          <reporter-output>
          </reporter-output>
        </test-method> <!-- setUp -->
        <test-method status="PASS" signature="LoginTest()[pri:0, instance:com.demo.testCases.LoginTC_001@7b49cea0]" name="LoginTest" duration-ms="4548" started-at="2019-10-24T14:39:53 IST" finished-at="2019-10-24T14:39:58 IST">
          <reporter-output>
          </reporter-output>
        </test-method> <!-- LoginTest -->
        <test-method status="PASS" signature="tearDown()[pri:0, instance:com.demo.testCases.LoginTC_001@7b49cea0]" name="tearDown" is-config="true" duration-ms="930" started-at="2019-10-24T14:39:58 IST" finished-at="2019-10-24T14:39:59 IST">
          <reporter-output>
          </reporter-output>
        </test-method> <!-- tearDown -->
      </class> <!-- com.demo.testCases.LoginTC_001 -->
    </test> <!-- Default test -->
  </suite> <!-- Default suite -->
</testng-results>
