<?xml version="1.0" encoding="UTF-8"?>
<testng-results skipped="0" failed="0" ignored="0" total="2" passed="2">
  <reporter-output>
  </reporter-output>
  <suite name="Default suite" duration-ms="12220" started-at="2019-10-16T12:20:34 IST" finished-at="2019-10-16T12:20:46 IST">
    <groups>
    </groups>
    <test name="Default test" duration-ms="12220" started-at="2019-10-16T12:20:34 IST" finished-at="2019-10-16T12:20:46 IST">
      <class name="TestngTest.honeycombLogin">
        <test-method status="PASS" signature="setupTest()[pri:0, instance:TestngTest.honeycombLogin@7494e528]" name="setupTest" is-config="true" duration-ms="3178" started-at="2019-10-16T12:20:34 IST" finished-at="2019-10-16T12:20:37 IST">
          <reporter-output>
          </reporter-output>
        </test-method> <!-- setupTest -->
        <test-method status="PASS" signature="login(java.lang.String, java.lang.String)[pri:0, instance:TestngTest.honeycombLogin@7494e528]" name="login" duration-ms="7880" started-at="2019-10-16T12:20:37 IST" data-provider="honeycomblogin" finished-at="2019-10-16T12:20:45 IST">
          <params>
            <param index="0">
              <value>
                <![CDATA[dvttest]]>
              </value>
            </param>
            <param index="1">
              <value>
                <![CDATA[Shipit1]]>
              </value>
            </param>
          </params>
          <reporter-output>
          </reporter-output>
        </test-method> <!-- login -->
        <test-method status="PASS" signature="takeScreenshot()[pri:0, instance:TestngTest.honeycombLogin@7494e528]" name="takeScreenshot" duration-ms="445" started-at="2019-10-16T12:20:45 IST" finished-at="2019-10-16T12:20:45 IST">
          <reporter-output>
          </reporter-output>
        </test-method> <!-- takeScreenshot -->
        <test-method status="PASS" signature="teardown()[pri:0, instance:TestngTest.honeycombLogin@7494e528]" name="teardown" is-config="true" duration-ms="387" started-at="2019-10-16T12:20:45 IST" finished-at="2019-10-16T12:20:46 IST">
          <reporter-output>
          </reporter-output>
        </test-method> <!-- teardown -->
      </class> <!-- TestngTest.honeycombLogin -->
    </test> <!-- Default test -->
  </suite> <!-- Default suite -->
</testng-results>
