<?xml version="1.0" encoding="UTF-8"?>
<testng-results skipped="0" failed="0" ignored="0" total="1" passed="1">
  <reporter-output>
  </reporter-output>
  <suite name="Default suite" duration-ms="9408" started-at="2019-09-18T17:12:58 IST" finished-at="2019-09-18T17:13:07 IST">
    <groups>
    </groups>
    <test name="Default test" duration-ms="9408" started-at="2019-09-18T17:12:58 IST" finished-at="2019-09-18T17:13:07 IST">
      <class name="TestngTest.honeycombLogin">
        <test-method status="PASS" signature="setupTest()[pri:0, instance:TestngTest.honeycombLogin@7494e528]" name="setupTest" is-config="true" duration-ms="2876" started-at="2019-09-18T17:12:58 IST" finished-at="2019-09-18T17:13:01 IST">
          <reporter-output>
          </reporter-output>
        </test-method> <!-- setupTest -->
        <test-method status="PASS" signature="login(java.lang.String, java.lang.String)[pri:0, instance:TestngTest.honeycombLogin@7494e528]" name="login" duration-ms="6199" started-at="2019-09-18T17:13:01 IST" data-provider="honeycomblogin" finished-at="2019-09-18T17:13:07 IST">
          <params>
            <param index="0">
              <value>
                <![CDATA[dvttest]]>
              </value>
            </param>
            <param index="1">
              <value>
                <![CDATA[Shipit1]]>
              </value>
            </param>
          </params>
          <reporter-output>
          </reporter-output>
        </test-method> <!-- login -->
        <test-method status="PASS" signature="teardown()[pri:0, instance:TestngTest.honeycombLogin@7494e528]" name="teardown" is-config="true" duration-ms="45" started-at="2019-09-18T17:13:07 IST" finished-at="2019-09-18T17:13:07 IST">
          <reporter-output>
          </reporter-output>
        </test-method> <!-- teardown -->
      </class> <!-- TestngTest.honeycombLogin -->
    </test> <!-- Default test -->
  </suite> <!-- Default suite -->
</testng-results>
